<?xml version="1.0" encoding="UTF-8"?>
<testsuite xmlns:xsi="http://www.w3.org/2001/XMLSchema-instance" xsi:noNamespaceSchemaLocation="https://maven.apache.org/surefire/maven-surefire-plugin/xsd/surefire-test-report-3.0.xsd" version="3.0" name="com.studystrike.controller.AuthControllerTest" time="3.329" tests="4" errors="0" skipped="0" failures="0">
  <properties>
[...]
</properties>
  <testcase name="login_invalid_credentials" classname="com.studystrike.controller.AuthControllerTest" time="0.438">
    <system-out><![CDATA[16:50:27.815 [main] INFO org.springframework.test.context.support.AnnotationConfigContextLoaderUtils -- Could not detect default configuration classes for test class [com.studystrike.controller.AuthControllerTest]: AuthControllerTest does not declare any static, non-private, non-final, nested classes annotated with @Configuration.
16:50:27.870 [main] INFO org.springframework.boot.test.context.SpringBootTestContextBootstrapper -- Found @SpringBootConfiguration com.studystrike.StudyStrikeApplication for test class com.studystrike.controller.AuthControllerTest

  .   ____          _            __ _ _
 /\\ / ___'_ __ _ _(_)_ __  __ _ \ \ \ \
( ( )\___ | '_ | '_| | '_ \/ _` | \ \ \ \
 \\/  ___)| |_)| | | | | || (_| |  ) ) ) )
  '  |____| .__|_| |_|_| |_\__, | / / / /
 =========|_|==============|___/=/_/_/_/
 :: Spring Boot ::                (v3.1.0)

2025-07-20T16:50:28.091+02:00  INFO 11712 --- [           main] c.s.controller.AuthControllerTest        : Starting AuthControllerTest using Java 21.0.7 with PID 11712 (started by mwrid in C:\dev\StudyStrike\backend)
2025-07-20T16:50:28.092+02:00 DEBUG 11712 --- [           main] c.s.controller.AuthControllerTest        : Running with Spring Boot v3.1.0, Spring v6.0.9
2025-07-20T16:50:28.092+02:00  INFO 11712 --- [           main] c.s.controller.AuthControllerTest        : No active profile set, falling back to 1 default profile: "default"
2025-07-20T16:50:28.516+02:00  INFO 11712 --- [           main] .s.d.r.c.RepositoryConfigurationDelegate : Bootstrapping Spring Data JPA repositories in DEFAULT mode.
2025-07-20T16:50:28.545+02:00  INFO 11712 --- [           main] .s.d.r.c.RepositoryConfigurationDelegate : Finished Spring Data repository scanning in 23 ms. Found 1 JPA repository interfaces.
2025-07-20T16:50:28.812+02:00  INFO 11712 --- [           main] o.hibernate.jpa.internal.util.LogHelper  : HHH000204: Processing PersistenceUnitInfo [name: default]
2025-07-20T16:50:28.850+02:00  INFO 11712 --- [           main] org.hibernate.Version                    : HHH000412: Hibernate ORM core version 6.2.2.Final
2025-07-20T16:50:28.851+02:00  INFO 11712 --- [           main] org.hibernate.cfg.Environment            : HHH000406: Using bytecode reflection optimizer
2025-07-20T16:50:28.932+02:00  INFO 11712 --- [           main] o.h.b.i.BytecodeProviderInitiator        : HHH000021: Bytecode provider name : bytebuddy
2025-07-20T16:50:29.001+02:00  INFO 11712 --- [           main] o.s.o.j.p.SpringPersistenceUnitInfo      : No LoadTimeWeaver setup: ignoring JPA class transformer
2025-07-20T16:50:29.010+02:00  INFO 11712 --- [           main] com.zaxxer.hikari.HikariDataSource       : HikariPool-1 - Starting...
2025-07-20T16:50:29.094+02:00  INFO 11712 --- [           main] com.zaxxer.hikari.pool.HikariPool        : HikariPool-1 - Added connection conn0: url=jdbc:h2:mem:studystrike user=SA
2025-07-20T16:50:29.095+02:00  INFO 11712 --- [           main] com.zaxxer.hikari.HikariDataSource       : HikariPool-1 - Start completed.
2025-07-20T16:50:29.105+02:00  INFO 11712 --- [           main] org.hibernate.orm.dialect                : HHH035001: Using dialect: org.hibernate.dialect.H2Dialect, version: 2.1.214
2025-07-20T16:50:29.222+02:00  INFO 11712 --- [           main] o.h.b.i.BytecodeProviderInitiator        : HHH000021: Bytecode provider name : bytebuddy
2025-07-20T16:50:29.569+02:00  INFO 11712 --- [           main] o.h.e.t.j.p.i.JtaPlatformInitiator       : HHH000490: Using JtaPlatform implementation: [org.hibernate.engine.transaction.jta.platform.internal.NoJtaPlatform]
Hibernate: 
    create table family_groups (
        id bigint generated by default as identity,
        created_date timestamp(6) not null,
        description TEXT,
        group_code varchar(255) not null,
        name varchar(255) not null,
        updated_date timestamp(6) not null,
        primary key (id)
    )
Hibernate: 
    create table family_invitations (
        id bigint generated by default as identity,
        accepted_at timestamp(6),
        created_date timestamp(6) not null,
        expires_at timestamp(6) not null,
        invitation_token varchar(255) not null,
        invited_email varchar(255) not null,
        status varchar(255) not null check (status in ('PENDING','ACCEPTED','EXPIRED','CANCELLED')),
        family_group_id bigint not null,
        invited_user_id bigint,
        parent_id bigint not null,
        primary key (id)
    )
Hibernate: 
    create table users (
        id bigint generated by default as identity,
        created_date timestamp(6) not null,
        email varchar(255) not null,
        email_verified boolean not null,
        is_active boolean not null,
        name varchar(255) not null,
        password varchar(255) not null,
        role varchar(255) not null check (role in ('PARENT','STUDENT','ADMIN')),
        updated_date timestamp(6) not null,
        family_group_id bigint,
        primary key (id)
    )
Hibernate: 
    alter table if exists family_groups 
       drop constraint if exists UK_9mbl8vcoeimuroxl8h4piyu9c
Hibernate: 
    alter table if exists family_groups 
       add constraint UK_9mbl8vcoeimuroxl8h4piyu9c unique (group_code)
Hibernate: 
    alter table if exists family_invitations 
       drop constraint if exists UK_rw0d65h2yyharo59bhug1mlii
Hibernate: 
    alter table if exists family_invitations 
       add constraint UK_rw0d65h2yyharo59bhug1mlii unique (invitation_token)
Hibernate: 
    alter table if exists users 
       drop constraint if exists UK_6dotkott2kjsp8vw4d0m25fb7
Hibernate: 
    alter table if exists users 
       add constraint UK_6dotkott2kjsp8vw4d0m25fb7 unique (email)
Hibernate: 
    alter table if exists family_invitations 
       add constraint FKaokm95ewirbumidrloee7bkcr 
       foreign key (family_group_id) 
       references family_groups
Hibernate: 
    alter table if exists family_invitations 
       add constraint FKqk0h5mts6df8og94ss38umgrj 
       foreign key (invited_user_id) 
       references users
Hibernate: 
    alter table if exists family_invitations 
       add constraint FKr0uab1v8u07lk65i1xp24l3c9 
       foreign key (parent_id) 
       references users
Hibernate: 
    alter table if exists users 
       add constraint FKf0rr6o9qi9ccnfl9ob903hhxe 
       foreign key (family_group_id) 
       references family_groups
2025-07-20T16:50:29.605+02:00  INFO 11712 --- [           main] j.LocalContainerEntityManagerFactoryBean : Initialized JPA EntityManagerFactory for persistence unit 'default'
2025-07-20T16:50:29.851+02:00  WARN 11712 --- [           main] JpaBaseConfiguration$JpaWebConfiguration : spring.jpa.open-in-view is enabled by default. Therefore, database queries may be performed during view rendering. Explicitly configure spring.jpa.open-in-view to disable this warning
2025-07-20T16:50:29.865+02:00  WARN 11712 --- [           main] .s.s.UserDetailsServiceAutoConfiguration : 

Using generated security password: fc995715-f627-4afc-a8fa-cf3a264ab4cc

This generated password is for development use only. Your security configuration must be updated before running your application in production.

2025-07-20T16:50:30.107+02:00  INFO 11712 --- [           main] o.s.b.a.e.web.EndpointLinksResolver      : Exposing 1 endpoint(s) beneath base path '/actuator'
2025-07-20T16:50:30.124+02:00  INFO 11712 --- [           main] o.s.s.web.DefaultSecurityFilterChain     : Will secure any request with [org.springframework.security.web.session.DisableEncodeUrlFilter@741687d4, org.springframework.security.web.context.request.async.WebAsyncManagerIntegrationFilter@77b0ff24, org.springframework.security.web.context.SecurityContextHolderFilter@7fecc26f, org.springframework.security.web.header.HeaderWriterFilter@493ed8e6, org.springframework.security.web.authentication.logout.LogoutFilter@2735a7dc, org.springframework.security.web.savedrequest.RequestCacheAwareFilter@70313b0b, org.springframework.security.web.servletapi.SecurityContextHolderAwareRequestFilter@2b8f5aa4, org.springframework.security.web.authentication.AnonymousAuthenticationFilter@3958e148, org.springframework.security.web.access.ExceptionTranslationFilter@740530b, org.springframework.security.web.access.intercept.AuthorizationFilter@41f84bb1]
2025-07-20T16:50:30.277+02:00  INFO 11712 --- [           main] o.s.b.t.m.w.SpringBootMockServletContext : Initializing Spring TestDispatcherServlet ''
2025-07-20T16:50:30.277+02:00  INFO 11712 --- [           main] o.s.t.web.servlet.TestDispatcherServlet  : Initializing Servlet ''
2025-07-20T16:50:30.278+02:00  INFO 11712 --- [           main] o.s.t.web.servlet.TestDispatcherServlet  : Completed initialization in 0 ms
2025-07-20T16:50:30.308+02:00  INFO 11712 --- [           main] c.s.controller.AuthControllerTest        : Started AuthControllerTest in 2.373 seconds (process running for 2.827)
Hibernate: 
    select
        u1_0.id,
        u1_0.created_date,
        u1_0.email,
        u1_0.email_verified,
        u1_0.family_group_id,
        u1_0.is_active,
        u1_0.name,
        u1_0.password,
        u1_0.role,
        u1_0.updated_date 
    from
        users u1_0
2025-07-20T16:50:30.690+02:00 DEBUG 11712 --- [           main] o.s.security.web.FilterChainProxy        : Securing POST /api/auth/login
2025-07-20T16:50:30.705+02:00 DEBUG 11712 --- [           main] o.s.security.web.FilterChainProxy        : Secured POST /api/auth/login
Hibernate: 
    select
        u1_0.id,
        u1_0.created_date,
        u1_0.email,
        u1_0.email_verified,
        u1_0.family_group_id,
        u1_0.is_active,
        u1_0.name,
        u1_0.password,
        u1_0.role,
        u1_0.updated_date 
    from
        users u1_0 
    where
        u1_0.email=?
2025-07-20T16:50:30.754+02:00 DEBUG 11712 --- [           main] o.s.s.w.a.AnonymousAuthenticationFilter  : Set SecurityContextHolder to anonymous SecurityContext
]]></system-out>
    <system-err><![CDATA[WARNING: A Java agent has been loaded dynamically (C:\Users\mwrid\.m2\repository\net\bytebuddy\byte-buddy-agent\1.14.4\byte-buddy-agent-1.14.4.jar)
WARNING: If a serviceability tool is in use, please run with -XX:+EnableDynamicAgentLoading to hide this warning
WARNING: If a serviceability tool is not in use, please run with -Djdk.instrument.traceUsage for more information
WARNING: Dynamic loading of agents will be disallowed by default in a future release
]]></system-err>
  </testcase>
  <testcase name="login_success_and_jwt_issued" classname="com.studystrike.controller.AuthControllerTest" time="0.187">
    <system-out><![CDATA[Hibernate: 
    select
        u1_0.id,
        u1_0.created_date,
        u1_0.email,
        u1_0.email_verified,
        u1_0.family_group_id,
        u1_0.is_active,
        u1_0.name,
        u1_0.password,
        u1_0.role,
        u1_0.updated_date 
    from
        users u1_0
2025-07-20T16:50:30.801+02:00 DEBUG 11712 --- [           main] o.s.security.web.FilterChainProxy        : Securing POST /api/auth/register
2025-07-20T16:50:30.802+02:00 DEBUG 11712 --- [           main] o.s.security.web.FilterChainProxy        : Secured POST /api/auth/register
Hibernate: 
    select
        u1_0.id 
    from
        users u1_0 
    where
        u1_0.email=? fetch first ? rows only
Hibernate: 
    insert 
    into
        users
        (created_date,email,email_verified,family_group_id,is_active,name,password,role,updated_date,id) 
    values
        (?,?,?,?,?,?,?,?,?,default)
2025-07-20T16:50:30.892+02:00 DEBUG 11712 --- [           main] o.s.s.w.a.AnonymousAuthenticationFilter  : Set SecurityContextHolder to anonymous SecurityContext
2025-07-20T16:50:30.894+02:00 DEBUG 11712 --- [           main] o.s.security.web.FilterChainProxy        : Securing POST /api/auth/login
2025-07-20T16:50:30.895+02:00 DEBUG 11712 --- [           main] o.s.security.web.FilterChainProxy        : Secured POST /api/auth/login
Hibernate: 
    select
        u1_0.id,
        u1_0.created_date,
        u1_0.email,
        u1_0.email_verified,
        u1_0.family_group_id,
        u1_0.is_active,
        u1_0.name,
        u1_0.password,
        u1_0.role,
        u1_0.updated_date 
    from
        users u1_0 
    where
        u1_0.email=?
2025-07-20T16:50:30.977+02:00 DEBUG 11712 --- [           main] o.s.s.w.a.AnonymousAuthenticationFilter  : Set SecurityContextHolder to anonymous SecurityContext
]]></system-out>
  </testcase>
  <testcase name="register_success" classname="com.studystrike.controller.AuthControllerTest" time="0.064">
    <system-out><![CDATA[Hibernate: 
    select
        u1_0.id,
        u1_0.created_date,
        u1_0.email,
        u1_0.email_verified,
        u1_0.family_group_id,
        u1_0.is_active,
        u1_0.name,
        u1_0.password,
        u1_0.role,
        u1_0.updated_date 
    from
        users u1_0
2025-07-20T16:50:30.986+02:00 DEBUG 11712 --- [           main] o.s.security.web.FilterChainProxy        : Securing POST /api/auth/register
2025-07-20T16:50:30.987+02:00 DEBUG 11712 --- [           main] o.s.security.web.FilterChainProxy        : Secured POST /api/auth/register
Hibernate: 
    select
        u1_0.id 
    from
        users u1_0 
    where
        u1_0.email=? fetch first ? rows only
Hibernate: 
    insert 
    into
        users
        (created_date,email,email_verified,family_group_id,is_active,name,password,role,updated_date,id) 
    values
        (?,?,?,?,?,?,?,?,?,default)
2025-07-20T16:50:31.043+02:00 DEBUG 11712 --- [           main] o.s.s.w.a.AnonymousAuthenticationFilter  : Set SecurityContextHolder to anonymous SecurityContext
]]></system-out>
  </testcase>
  <testcase name="register_duplicateEmail" classname="com.studystrike.controller.AuthControllerTest" time="0.011">
    <system-out><![CDATA[Hibernate: 
    select
        u1_0.id,
        u1_0.created_date,
        u1_0.email,
        u1_0.email_verified,
        u1_0.family_group_id,
        u1_0.is_active,
        u1_0.name,
        u1_0.password,
        u1_0.role,
        u1_0.updated_date 
    from
        users u1_0
Hibernate: 
    insert 
    into
        users
        (created_date,email,email_verified,family_group_id,is_active,name,password,role,updated_date,id) 
    values
        (?,?,?,?,?,?,?,?,?,default)
2025-07-20T16:50:31.053+02:00 DEBUG 11712 --- [           main] o.s.security.web.FilterChainProxy        : Securing POST /api/auth/register
2025-07-20T16:50:31.054+02:00 DEBUG 11712 --- [           main] o.s.security.web.FilterChainProxy        : Secured POST /api/auth/register
Hibernate: 
    select
        u1_0.id 
    from
        users u1_0 
    where
        u1_0.email=? fetch first ? rows only
2025-07-20T16:50:31.057+02:00 DEBUG 11712 --- [           main] o.s.s.w.a.AnonymousAuthenticationFilter  : Set SecurityContextHolder to anonymous SecurityContext
]]></system-out>
  </testcase>
</testsuite>